[32mWaf: Entering directory `/home/hxq/ns-allinone-3.33/ns-3.33/build'[0m
[32mWaf: Leaving directory `/home/hxq/ns-allinone-3.33/ns-3.33/build'[0m
[32mBuild commands will be stored in build/compile_commands.json[0m
[32m'build' finished successfully (0.999s)[0m


#################### SIMULATION SET-UP ####################


/home/hxq/quiche/
[SimpleMPI:AVG] start a new request at time 4 count = 0 maxIteration = 1000
one AVG operation time elapsed : 3960ms
[SimpleMPI:AVG] start a new request at time 7.96 count = 1 maxIteration = 1000
one AVG operation time elapsed : 510ms
[SimpleMPI:AVG] start a new request at time 8.47 count = 2 maxIteration = 1000
one AVG operation time elapsed : 510ms
[SimpleMPI:AVG] start a new request at time 8.98 count = 3 maxIteration = 1000
one AVG operation time elapsed : 510ms
[SimpleMPI:AVG] start a new request at time 9.49 count = 4 maxIteration = 1000
one AVG operation time elapsed : 510ms
[SimpleMPI:AVG] start a new request at time 10 count = 5 maxIteration = 1000
one AVG operation time elapsed : 510ms
[SimpleMPI:AVG] start a new request at time 10.51 count = 6 maxIteration = 1000
one AVG operation time elapsed : 510ms
[SimpleMPI:AVG] start a new request at time 11.02 count = 7 maxIteration = 1000
one AVG operation time elapsed : 510ms
[SimpleMPI:AVG] start a new request at time 11.53 count = 8 maxIteration = 1000
one AVG operation time elapsed : 510ms
[SimpleMPI:AVG] start a new request at time 12.04 count = 9 maxIteration = 1000
one AVG operation time elapsed : 510ms
[SimpleMPI:AVG] start a new request at time 12.55 count = 10 maxIteration = 1000
one AVG operation time elapsed : 510ms
[SimpleMPI:AVG] start a new request at time 13.06 count = 11 maxIteration = 1000
one AVG operation time elapsed : 510ms
[SimpleMPI:AVG] start a new request at time 13.57 count = 12 maxIteration = 1000
one AVG operation time elapsed : 510ms
[SimpleMPI:AVG] start a new request at time 14.08 count = 13 maxIteration = 1000
one AVG operation time elapsed : 510ms
[SimpleMPI:AVG] start a new request at time 14.59 count = 14 maxIteration = 1000
one AVG operation time elapsed : 510ms
[SimpleMPI:AVG] start a new request at time 15.1 count = 15 maxIteration = 1000
one AVG operation time elapsed : 510ms
[SimpleMPI:AVG] start a new request at time 15.61 count = 16 maxIteration = 1000
one AVG operation time elapsed : 510ms
[SimpleMPI:AVG] start a new request at time 16.12 count = 17 maxIteration = 1000


#################### SIMULATION END ####################


